"../../../Engine/Content/EditorResources/S_Actor.uasset" 0
"../../../Engine/Content/EngineFonts/Roboto.uasset" 1
"../../../Engine/Content/Functions/Engine_MaterialFunctions01/Shading/PowerToRoughness.uasset" 2
"../../../Engine/Content/Functions/Engine_MaterialFunctions01/Shading/ConvertFromDiffSpec.uasset" 3
"../../../Engine/Content/EngineMaterials/DefaultDiffuse.uasset" 4
"../../../Engine/Content/EngineMaterials/DefaultDeferredDecalMaterial.uasset" 5
"../../../Engine/Content/EngineMaterials/DefaultLightFunctionMaterial.uasset" 6
"../../../Engine/Content/Functions/Engine_MaterialFunctions02/Utility/BreakOutFloat2Components.uasset" 7
"../../../Engine/Content/EngineMaterials/DefaultPostProcessMaterial.uasset" 8
"../../../Engine/Content/EngineResources/DefaultTexture.uasset" 9
"../../../Engine/Content/Functions/Engine_MaterialFunctions01/Texturing/ScaleUVsByCenter.uasset" 10
"../../../Engine/Content/Functions/Engine_MaterialFunctions02/ScreenResolution.uasset" 11
"../../../Engine/Content/Functions/Engine_MaterialFunctions02/Texturing/ScreenAlignedUVs.uasset" 12
"../../../Engine/Content/EngineResources/WhiteSquareTexture.uasset" 13
"../../../Engine/Content/EngineMaterials/Widget3DPassThrough.uasset" 14
"../../../Engine/Content/EngineMaterials/Widget3DPassThrough_Translucent.uasset" 15
"../../../Engine/Content/EngineMaterials/Widget3DPassThrough_Translucent_OneSided.uasset" 16
"../../../Engine/Content/EngineMaterials/Widget3DPassThrough_Opaque.uasset" 17
"../../../Engine/Content/EngineMaterials/Widget3DPassThrough_Opaque_OneSided.uasset" 18
"../../../Engine/Content/EngineMaterials/Widget3DPassThrough_Masked.uasset" 19
"../../../Engine/Content/EngineMaterials/Widget3DPassThrough_Masked_OneSided.uasset" 20
"../../../Engine/Content/Maps/Templates/Thumbnails/Default.uasset" 21
"../../../Engine/Content/EditorMaterials/ParticleSystems/PSysThumbnail_NoImage.uasset" 22
"../../../Engine/Content/EditorMaterials/ParticleSystems/PSysThumbnail_OOD.uasset" 23
"../../../Engine/Content/EditorLandscapeResources/DataLayer.uasset" 24
"../../../Engine/Content/EngineDamageTypes/DmgTypeBP_Environmental.uasset" 25
"../../../Engine/Content/EngineMeshes/Sphere.uasset" 26
"../../../Engine/Content/EngineFonts/RobotoDistanceField.uasset" 27
"../../../Engine/Content/EngineMaterials/DefaultTextMaterialOpaque.uasset" 28
"../../../Engine/Content/EditorResources/S_Trigger.uasset" 29
"../../../Engine/Content/EngineResources/GradientTexture0.uasset" 30
"../../../Engine/Content/EngineResources/Black.uasset" 31
"../../../Engine/Content/EditorMaterials/MatineeGroups/MAT_Groups_Float.uasset" 32
"../../../Engine/Content/EditorMaterials/MatineeGroups/MAT_Groups_Director.uasset" 33
"../../../Engine/Content/EditorMaterials/MatineeGroups/MAT_Groups_Event.uasset" 34
"../../../Engine/Content/EditorMaterials/MatineeGroups/MAT_Groups_Anim.uasset" 35
"../../../Engine/Content/EditorMaterials/MatineeGroups/MAT_Groups_Fade.uasset" 36
"../../../Engine/Content/EditorMaterials/MatineeGroups/MAT_Groups_Move.uasset" 37
"../../../Engine/Content/EditorMaterials/MatineeGroups/MAT_Groups_Slomo.uasset" 38
"../../../Engine/Content/EditorMaterials/MatineeGroups/MAT_ColorTrack.uasset" 39
"../../../Engine/Content/EditorMaterials/MAT_Groups_Toggle.uasset" 40
"../../../Engine/Content/EditorMaterials/MatineeGroups/MAT_Groups_AudioMaster.uasset" 41
"../../../Engine/Content/EditorMaterials/MatineeGroups/MAT_Groups_Sound.uasset" 42
"../../../Engine/Content/EditorMaterials/MatineeGroups/MAT_Groups_Vector.uasset" 43
"../../../Engine/Content/EditorMaterials/MAT_Groups_Visibility.uasset" 44
"../../../Engine/Content/EngineResources/DefaultTextureCube.uasset" 45
"../../../Engine/Content/Functions/Engine_MaterialFunctions01/Opacity/CameraDepthFade.uasset" 46
"../../../Engine/Content/EngineMaterials/T_Default_Material_Grid_M.uasset" 47
"../../../Engine/Content/EngineMaterials/T_Default_Material_Grid_N.uasset" 48
"../../../Engine/Content/EngineMaterials/DefaultMaterial.uasset" 49
"../../../Engine/Content/EngineMeshes/Cylinder.uasset" 50
"../../../Engine/Content/EngineTireTypes/DefaultTireType.uasset" 51
"../../../Engine/Content/Tutorial/ContentIntroCurve.uasset" 52
"../../../Engine/Plugins/2D/Paper2D/Content/PlaceholderTextures/DummySpriteTexture.uasset" 53
"../../../Engine/Plugins/2D/Paper2D/Content/DefaultSpriteMaterial.uasset" 54
"../../../Engine/Plugins/2D/Paper2D/Content/MaskedUnlitSpriteMaterial.uasset" 55
"../../../Engine/Plugins/2D/Paper2D/Content/OpaqueUnlitSpriteMaterial.uasset" 56
"../../../Engine/Plugins/2D/Paper2D/Content/DummySprite.uasset" 57
"../../../Engine/Plugins/2D/Paper2D/Content/DefaultPaperTerrainMaterial.uasset" 58
"../../../Engine/Content/EngineMaterials/RemoveSurfaceMaterial.uasset" 59
"../../../Engine/Content/EngineDebugMaterials/DebugMeshMaterial.uasset" 60
"../../../Engine/Content/EngineMaterials/InvalidLightmapSettings.uasset" 61
"../../../Engine/Content/EngineMaterials/M_InvalidLightmapSettings.uasset" 62
"../../../Engine/Content/EditorMaterials/GizmoMaterial.uasset" 63
"../../../Engine/Content/EngineMaterials/Good64x64TilingNoiseHighFreq.uasset" 64
"../../../Engine/Content/EngineMaterials/DefaultBokeh.uasset" 65
"../../../Engine/Content/EngineMaterials/PreintegratedSkinBRDF.uasset" 66
"../../../Engine/Content/EngineMaterials/MiniFont.uasset" 67
"../../../Engine/Content/EngineMaterials/WeightMapPlaceholderTexture.uasset" 68
"../../../Engine/Content/EngineMaterials/DefaultWhiteGrid.uasset" 69
"../../../Engine/Content/EngineFonts/RobotoTiny.uasset" 70
"../../../Engine/Content/EngineResources/AICON-Red.uasset" 71
"../../../Engine/Content/EngineResources/AICON-Green.uasset" 72
"../../../Engine/Content/EditorResources/LightIcons/S_LightError.uasset" 73
"../../../Engine/Content/EditorResources/EmptyActor.uasset" 74
"../../../Engine/Content/MobileResources/HUD/AnalogHat.uasset" 75
"../../../Engine/Content/MobileResources/HUD/VirtualJoystick_Background.uasset" 76
"../../../Engine/Content/MobileResources/HUD/VirtualJoystick_Thumb.uasset" 77
"../../../Engine/Content/MobileResources/HUD/DefaultVirtualJoysticks.uasset" 78
"../../../Engine/Content/MobileResources/HUD/LeftVirtualJoystickOnly.uasset" 79
"../../../Engine/Content/MobileResources/HUD/MobileHUDButton3.uasset" 80
"../../../Engine/Content/MobileResources/HUD/MobileHUDDirectionPad3.uasset" 81
"../../../huvitav/Content/ThirdPerson/Meshes/RampMaterial.uasset" 82
"../../../huvitav/Content/ThirdPerson/Meshes/Bump_StaticMesh.uasset" 83
"../../../huvitav/Content/ThirdPerson/Meshes/LeftArm_StaticMesh.uasset" 84
"../../../huvitav/Content/StarterContent/Materials/M_Basic_Wall.uasset" 85
"../../../huvitav/Content/StarterContent/Shapes/Shape_TriPyramid.uasset" 86
"../../../Engine/Content/MobileResources/HUD/MobileHUDDirectionPad2.uasset" 87
"../../../huvitav/Content/StarterContent/Shapes/Shape_Pipe_90.uasset" 88
"../../../huvitav/Content/StarterContent/Shapes/Shape_Plane.uasset" 89
"../../../huvitav/Content/StarterContent/Shapes/Shape_Torus.uasset" 90
"../../../huvitav/Content/StarterContent/Shapes/Shape_Trim.uasset" 91
"../../../huvitav/Content/StarterContent/Shapes/Shape_Trim_90_In.uasset" 92
"../../../huvitav/Content/StarterContent/Shapes/Shape_Trim_90_Out.uasset" 93
"../../../Engine/Content/MobileResources/HUD/MobileHUDButton1_off.uasset" 94
"../../../Engine/Content/MobileResources/HUD/MobileHUDDirectionStick.uasset" 95
"../../../Engine/Content/MobileResources/HUD/T_Castle_ThumbstickOutter.uasset" 96
"../../../huvitav/Content/StarterContent/Shapes/Shape_Cone.uasset" 97
"../../../huvitav/Content/StarterContent/Shapes/Shape_Cylinder.uasset" 98
"../../../huvitav/Content/StarterContent/Shapes/Shape_NarrowCapsule.uasset" 99
"../../../huvitav/Content/StarterContent/Shapes/Shape_Pipe.uasset" 100
"../../../huvitav/Content/StarterContent/Shapes/Shape_Pipe_180.uasset" 101
"../../../huvitav/Content/StarterContent/Textures/T_Bush_D.uasset" 102
"../../../huvitav/Content/StarterContent/Textures/T_Bush_N.uasset" 103
"../../../huvitav/Content/StarterContent/Props/Materials/M_Bush.uasset" 104
"../../../huvitav/Content/StarterContent/Props/SM_Bush.uasset" 105
"../../../huvitav/Content/StarterContent/Textures/T_Chair_M.uasset" 106
"../../../huvitav/Content/StarterContent/Textures/T_Chair_N.uasset" 107
"../../../huvitav/Content/StarterContent/Props/Materials/M_Chair.uasset" 108
"../../../huvitav/Content/StarterContent/Props/SM_Couch.uasset" 109
"../../../huvitav/Content/StarterContent/Materials/M_Glass.uasset" 110
"../../../huvitav/Content/StarterContent/Textures/T_Door_M.uasset" 111
"../../../huvitav/Content/StarterContent/Textures/T_Door_N.uasset" 112
"../../../huvitav/Content/StarterContent/Props/Materials/M_Door.uasset" 113
"../../../huvitav/Content/StarterContent/Props/SM_Door.uasset" 114
"../../../huvitav/Content/StarterContent/Props/Materials/M_MaterialSphere.uasset" 115
"../../../huvitav/Content/StarterContent/Props/Materials/M_MaterialSphere_Plain.uasset" 116
"../../../huvitav/Content/StarterContent/Props/SM_MatPreviewMesh_02.uasset" 117
"../../../Engine/Content/Functions/Engine_MaterialFunctions02/Utility/BlendAngleCorrectedNormals.uasset" 118
"../../../huvitav/Content/StarterContent/Textures/T_Detail_Rocky_N.uasset" 119
"../../../huvitav/Content/StarterContent/Textures/T_Rock_Basalt_D.uasset" 120
"../../../huvitav/Content/StarterContent/Textures/T_RockMesh_M.uasset" 121
"../../../huvitav/Content/StarterContent/Textures/T_RockMesh_N.uasset" 122
"../../../huvitav/Content/StarterContent/Props/Materials/M_Rock.uasset" 123
"../../../huvitav/Content/StarterContent/Props/SM_Rock.uasset" 124
"../../../huvitav/Content/StarterContent/Textures/T_Shelf_M.uasset" 125
"../../../huvitav/Content/StarterContent/Textures/T_Shelf_N.uasset" 126
"../../../huvitav/Content/StarterContent/Props/Materials/M_Shelf.uasset" 127
"../../../huvitav/Content/StarterContent/Props/SM_Shelf.uasset" 128
"../../../huvitav/Content/StarterContent/Materials/M_Basic_Floor.uasset" 129
"../../../huvitav/Content/StarterContent/Props/SM_Stairs.uasset" 130
"../../../huvitav/Content/StarterContent/Architecture/Pillar_50x500.uasset" 131
"../../../huvitav/Content/StarterContent/Architecture/Wall_400x300.uasset" 132
"../../../huvitav/Content/StarterContent/Architecture/Wall_400x400.uasset" 133
"../../../huvitav/Content/StarterContent/Architecture/Wall_500x500.uasset" 134
"../../../huvitav/Content/StarterContent/Architecture/Wall_Door_400x400.uasset" 135
"../../../huvitav/Content/StarterContent/Architecture/Wall_Window_400x400.uasset" 136
"../../../huvitav/Content/StarterContent/Audio/Light01_Cue.uasset" 137
"../../../huvitav/Content/StarterContent/Audio/Light02_Cue.uasset" 138
"../../../huvitav/Content/ThirdPerson/Meshes/RightArm_StaticMesh.uasset" 139
"../../../huvitav/Content/ThirdPerson/Meshes/Ramp_StaticMesh.uasset" 140
"../../../huvitav/Content/ThirdPerson/Meshes/Linear_Stair_StaticMesh.uasset" 141
"../../../Engine/Content/MobileResources/HUD/MobileHUDDirectionPad.uasset" 142
"../../../Engine/Content/MobileResources/HUD/MobileHUDButton2_on.uasset" 143
"../../../Engine/Content/MobileResources/HUD/MobileHUDButton1_on.uasset" 144
"../../../huvitav/Content/StarterContent/Shapes/Shape_Wedge_B.uasset" 145
"../../../huvitav/Content/StarterContent/Shapes/Shape_Wedge_A.uasset" 146
"../../../huvitav/Content/StarterContent/Shapes/Shape_Tube.uasset" 147
"../../../Engine/Content/MobileResources/T_MobileMenu2.uasset" 148
"../../../Engine/Content/EditorResources/AudioIcons/S_AudioComponent_AutoActivate.uasset" 149
"../../../Engine/Content/EditorResources/AudioIcons/S_AudioComponent.uasset" 150
"../../../huvitav/Content/Mannequin/Character/Mesh/UE4_Mannequin_Skeleton.uasset" 151
"../../../huvitav/Content/Mannequin/Animations/ThirdPerson_Jump.uasset" 152
"../../../huvitav/Content/Mannequin/Animations/ThirdPersonJump_Loop.uasset" 153
"../../../huvitav/Content/Mannequin/Animations/ThirdPersonJump_Start.uasset" 154
"../../../huvitav/Content/Mannequin/Animations/ThirdPersonIdle.uasset" 155
"../../../huvitav/Content/Mannequin/Animations/ThirdPersonRun.uasset" 156
"../../../huvitav/Content/Mannequin/Animations/ThirdPersonWalk.uasset" 157
"../../../huvitav/Content/Mannequin/Animations/ThirdPerson_IdleRun_2D.uasset" 158
"../../../Engine/Content/EditorBlueprintResources/StandardMacros.uasset" 159
"../../../huvitav/Content/Mannequin/Animations/ThirdPerson_AnimBP.uasset" 160
"../../../huvitav/Content/HUD/Ingame/IG_Menu_w.uasset" 161
"../../../Engine/Content/Functions/MaterialLayerFunctions/MatLayerBlend_NormalBlend.uasset" 162
"../../../Engine/Content/Functions/MaterialLayerFunctions/MatLayerBlend_Simple.uasset" 163
"../../../huvitav/Content/Mannequin/Character/Materials/MaterialLayers/T_ML_Rubber_Blue_01_D.uasset" 164
"../../../huvitav/Content/Mannequin/Character/Materials/MaterialLayers/T_ML_Rubber_Blue_01_N.uasset" 165
"../../../huvitav/Content/Mannequin/Character/Materials/MaterialLayers/ML_GlossyBlack_Latex_UE4.uasset" 166
"../../../huvitav/Content/Mannequin/Character/Materials/MaterialLayers/ML_Plastic_Shiny_Beige.uasset" 167
"../../../huvitav/Content/Mannequin/Character/Textures/UE4_LOGO_CARD.uasset" 168
"../../../huvitav/Content/Mannequin/Character/Materials/MaterialLayers/ML_Plastic_Shiny_Beige_LOGO.uasset" 169
"../../../huvitav/Content/Mannequin/Character/Materials/MaterialLayers/T_ML_Aluminum01.uasset" 170
"../../../huvitav/Content/Mannequin/Character/Materials/MaterialLayers/T_ML_Aluminum01_N.uasset" 171
"../../../huvitav/Content/Mannequin/Character/Materials/MaterialLayers/ML_SoftMetal_UE4.uasset" 172
"../../../huvitav/Content/Mannequin/Character/Textures/UE4_Mannequin__normals.uasset" 173
"../../../huvitav/Content/Mannequin/Character/Textures/UE4_Mannequin_MAT_MASKA.uasset" 174
"../../../huvitav/Content/Mannequin/Character/Materials/M_UE4Man_Body.uasset" 175
"../../../huvitav/Content/Mannequin/Character/Textures/UE4Man_Logo_N.uasset" 176
"../../../huvitav/Content/Mannequin/Character/Materials/M_UE4Man_ChestLogo.uasset" 177
"../../../huvitav/Content/Mannequin/Character/Mesh/SK_Mannequin_PhysicsAsset.uasset" 178
"../../../huvitav/Content/Mannequin/Character/Mesh/SK_Mannequin.uasset" 179
"../../../huvitav/Content/ThirdPersonBP/Blueprints/ThirdPersonCharacter.uasset" 180
"../../../huvitav/Content/ThirdPersonBP/Blueprints/ThirdPersonGameMode.uasset" 181
"../../../Engine/Content/MobileResources/T_MobileControls_texture.uasset" 182
"../../../Engine/Content/MobileResources/HUD/MobileHUDButtonFire.uasset" 183
"../../../huvitav/Content/StarterContent/Shapes/Shape_WideCapsule.uasset" 184
"../../../Engine/Content/EditorMaterials/PhAT_JointLimitMaterial.uasset" 185
"../../../Engine/Content/EditorMaterials/PreviewShadowIndicator.uasset" 186
"../../../Engine/Content/EditorMaterials/PreviewShadowIndicatorMaterial.uasset" 187
"../../../Engine/Content/EditorResources/BSPVertex.uasset" 188
"../../../Engine/Content/EngineDebugMaterials/HeatmapGradient.uasset" 189
"../../../Engine/Content/EngineDebugMaterials/BoneWeightMaterial.uasset" 190
"../../../Engine/Content/EngineDebugMaterials/GeomMaterial.uasset" 191
"../../../Engine/Content/EngineMaterials/EditorBrushMaterial.uasset" 192
"../../../Engine/Content/EngineMeshes/Cube.uasset" 193
"../../../Engine/Content/MobileResources/HUD/MobileHUDButton2_off.uasset" 194
"../../../Engine/Content/MobileResources/HUD/T_Castle_ThumbstickInner.uasset" 195
"../../../Engine/Content/Tutorial/Basics/TutorialAssets/icon_tab_Levels_40x.uasset" 196
"../../../Engine/Content/Tutorial/BlueprintTutorials/TutorialAssets/BlueprintInterface_64x.uasset" 197
"../../../Engine/Content/Tutorial/BlueprintTutorials/TutorialAssets/BlueprintMacroLibrary_64x.uasset" 198
"../../../Engine/Content/Tutorial/BlueprintTutorials/TutorialAssets/Blueprint_64x.uasset" 199
"../../../Engine/Content/Tutorial/BlueprintTutorials/TutorialAssets/Tutorial_BP_Interface.uasset" 200
"../../../Engine/Content/Tutorial/Foliage/TutorialAssets/Foliage.uasset" 201
"../../../Engine/Content/Tutorial/Landscape/TutorialAssets/Landscape.uasset" 202
"../../../Engine/Content/Tutorial/Paper2D/TutorialAssets/Paper2DFlipbook_TutorialIcon.uasset" 203
"../../../Engine/Content/Tutorial/Paper2D/TutorialAssets/Paper2DSprite_TutorialIcon.uasset" 204
"../../../Engine/Content/Tutorial/SubEditors/TutorialAssets/icon_Editor_Preferences_General_40x.uasset" 205
"../../../Engine/Content/Tutorial/SubEditors/TutorialAssets/icon_ShowSkeletalMeshes_40x.uasset" 206
"../../../Engine/Content/Tutorial/SubEditors/TutorialAssets/TutorialMaterial.uasset" 207
"../../../Engine/Content/Tutorial/SubEditors/TutorialAssets/T_SmokeSubUV_8X8.uasset" 208
"../../../Engine/Content/Tutorial/SubEditors/TutorialAssets/T_soft_smoke.uasset" 209
"../../../Engine/Content/Tutorial/SubEditors/TutorialAssets/M_smoke_subUV_blackbody.uasset" 210
"../../../Engine/Content/Tutorial/SubEditors/TutorialAssets/TutorialParticleSystem.uasset" 211
"../../../Engine/Content/EngineMaterials/WorldGridMaterial.uasset" 212
"../../../Engine/Content/Tutorial/SubEditors/TutorialAssets/Tutorial_DM.uasset" 213
"../../../huvitav/Content/DEMOWORLD/Models/cave_katusega2.uasset" 214
"../../../huvitav/Content/DEMOWORLD/Models/mingi_pask.uasset" 215
"../../../huvitav/Content/Geometry/Meshes/CubeMaterial.uasset" 216
"../../../huvitav/Content/Geometry/Meshes/1M_Cube.uasset" 217
"../../../huvitav/Content/Geometry/Meshes/1M_Cube_Chamfer.uasset" 218
"../../../huvitav/Content/Geometry/Meshes/TemplateFloor.uasset" 219
"../../../huvitav/Content/HUD/Ingame/IG_Stamina_Bar_w.uasset" 220
"../../../huvitav/Content/Levels/Test/Modelid/cave_kivi4.uasset" 221
"../../../huvitav/Content/Mannequin/Animations/ThirdPersonJump_End.uasset" 222
"../../../huvitav/Content/StarterContent/Audio/Explosion_Cue.uasset" 223
"../../../huvitav/Content/StarterContent/Textures/T_Burst_M.uasset" 224
"../../../huvitav/Content/StarterContent/Particles/Materials/M_Burst.uasset" 225
"../../../huvitav/Content/StarterContent/Textures/T_Explosion_SubUV.uasset" 226
"../../../huvitav/Content/StarterContent/Particles/Materials/M_explosion_subUV.uasset" 227
"../../../huvitav/Content/StarterContent/Particles/Materials/m_flare_01.uasset" 228
"../../../Engine/Content/Functions/Engine_MaterialFunctions01/Gradient/RadialGradient.uasset" 229
"../../../huvitav/Content/StarterContent/Particles/Materials/M_radial_ramp.uasset" 230
"../../../huvitav/Content/StarterContent/Textures/T_Smoke_SubUV.uasset" 231
"../../../huvitav/Content/StarterContent/Textures/T_Smoke_Tiled_D.uasset" 232
"../../../huvitav/Content/StarterContent/Particles/Materials/M_smoke_subUV.uasset" 233
"../../../huvitav/Content/StarterContent/Particles/P_Explosion.uasset" 234
"../../../huvitav/Content/StarterContent/Blueprints/Blueprint_Effect_Explosion.uasset" 235
"../../../Engine/Content/EditorMeshes/ColorCalibrator/T_ColorGrid.uasset" 236
"../../../huvitav/Content/StarterContent/Materials/M_ColorGrid_LowSpec.uasset" 237
"../../../huvitav/Content/StarterContent/Blueprints/Assets/FogBrightnessLUT.uasset" 238
"../../../huvitav/Content/StarterContent/Blueprints/Assets/SunlightColorLUT.uasset" 239
"../../../huvitav/Content/StarterContent/Blueprints/Assets/M_LightStage_Arrows.uasset" 240
"../../../Engine/Content/MapTemplates/Sky/DaylightAmbientCubemap.uasset" 241
"../../../huvitav/Content/StarterContent/Blueprints/Assets/M_LightStage_Skybox_Master.uasset" 242
"../../../huvitav/Content/StarterContent/Blueprints/Assets/M_LightStage_Skybox_Black.uasset" 243
"../../../huvitav/Content/StarterContent/Blueprints/Assets/M_LightStage_Skybox_HDRI.uasset" 244
"../../../Engine/Content/EditorMaterials/Thumbnails/SkySphereMaterial.uasset" 245
"../../../huvitav/Content/StarterContent/Blueprints/Assets/Skybox.uasset" 246
"../../../huvitav/Content/StarterContent/Blueprints/Assets/SM_Arrows.uasset" 247
"../../../huvitav/Content/StarterContent/HDRI/HDRI_Epic_Courtyard_Daylight.uasset" 248
"../../../huvitav/Content/StarterContent/Blueprints/BP_LightStudio.uasset" 249
"../../../huvitav/Content/StarterContent/Materials/M_AssetPlatform.uasset" 250
"../../../Engine/Content/EditorMeshes/ColorCalibrator/M_ChromeBall.uasset" 251
"../../../Engine/Content/EditorMeshes/ColorCalibrator/M_ClearCoat.uasset" 252
"../../../Engine/Content/EditorMeshes/ColorCalibrator/M_ClearCoatBlack.uasset" 253
"../../../Engine/Content/EditorMeshes/ColorCalibrator/M_ColorGrid.uasset" 254
"../../../Engine/Content/EditorMeshes/ColorCalibrator/M_GreyBall.uasset" 255
"../../../Engine/Content/EditorMeshes/ColorCalibrator/SM_ColorCalibrator.uasset" 256
"../../../huvitav/Content/StarterContent/Architecture/SM_AssetPlatform.uasset" 257
"../../../huvitav/Content/StarterContent/Maps/Advanced_Lighting.umap" 258
"../../../Engine/Content/EngineMaterials/DefaultPhysicalMaterial.uasset" 259
"../../../huvitav/Content/HUD/MainMenu_Wid/Main_Menu_Exit_w.uasset" 260
"../../../huvitav/Content/HUD/MainMenu_Wid/Main_Menu_Level_select_w.uasset" 261
"../../../huvitav/Content/HUD/MainMenu_Wid/Settings/Main_Menu_Settings_Video_w.uasset" 262
"../../../huvitav/Content/HUD/MainMenu_Wid/Main_Menu_Settings_w.uasset" 263
"../../../huvitav/Content/HUD/MainMenu_Wid/Main_Menu_w.uasset" 264
"../../../huvitav/Content/Levels/Main_Menu/MainMenu_Level.umap" 265
"../../../huvitav/Content/Levels/Test/Modelid/cave_katusega.uasset" 266
"../../../huvitav/Content/Levels/Test/Modelid/cave_katusega2.uasset" 267
"../../../huvitav/Content/Levels/Test/Modelid/Cave_Kivi.uasset" 268
"../../../huvitav/Content/Levels/Test/Modelid/Cave_Kivi2.uasset" 269
"../../../huvitav/Content/Levels/Test/Modelid/cave_kivi3.uasset" 270
"../../../huvitav/Content/Levels/Test/Modelid/cave_porand.uasset" 271
"../../../huvitav/Content/Levels/Test/Modelid/cave_trepp.uasset" 272
"../../../huvitav/Content/Levels/Test/TestLevel_lvl.umap" 273
"../../../Engine/Content/EngineMaterials/DefaultNormal.uasset" 274
"../../../Engine/Content/Maps/Entry.umap" 275
"../../../huvitav/Content/StarterContent/Audio/Fire01_Cue.uasset" 276
"../../../huvitav/Content/StarterContent/Textures/T_Fire_SubUV.uasset" 277
"../../../huvitav/Content/StarterContent/Textures/T_Fire_Tiled_D.uasset" 278
"../../../huvitav/Content/StarterContent/Particles/Materials/M_Fire_SubUV.uasset" 279
"../../../huvitav/Content/StarterContent/Textures/T_Water_N.uasset" 280
"../../../huvitav/Content/StarterContent/Particles/Materials/M_Heat_Distortion.uasset" 281
"../../../huvitav/Content/StarterContent/Particles/Materials/M_Radial_Gradient.uasset" 282
"../../../huvitav/Content/StarterContent/Particles/P_Fire.uasset" 283
"../../../huvitav/Content/StarterContent/Blueprints/Blueprint_Effect_Fire.uasset" 284
"../../../huvitav/Content/StarterContent/Audio/Smoke01_Cue.uasset" 285
"../../../huvitav/Content/StarterContent/Particles/P_Smoke.uasset" 286
"../../../huvitav/Content/StarterContent/Blueprints/Blueprint_Effect_Smoke.uasset" 287
"../../../huvitav/Content/StarterContent/Audio/Fire_Sparks01_Cue.uasset" 288
"../../../huvitav/Content/StarterContent/Textures/T_Spark_Core.uasset" 289
"../../../huvitav/Content/StarterContent/Particles/Materials/M_Spark.uasset" 290
"../../../huvitav/Content/StarterContent/Particles/P_Sparks.uasset" 291
"../../../huvitav/Content/StarterContent/Blueprints/Blueprint_Effect_Sparks.uasset" 292
"../../../huvitav/Content/StarterContent/Audio/Steam01_Cue.uasset" 293
"../../../huvitav/Content/StarterContent/Particles/P_Steam_Lit.uasset" 294
"../../../huvitav/Content/StarterContent/Blueprints/Blueprint_Effect_Steam.uasset" 295
"../../../Engine/Content/EngineSky/C_Sky_Cloud_Color.uasset" 296
"../../../Engine/Content/EngineSky/C_Sky_Horizon_Color.uasset" 297
"../../../Engine/Content/EngineSky/C_Sky_Zenith_Color.uasset" 298
"../../../Engine/Content/EngineSky/T_Sky_Blue.uasset" 299
"../../../Engine/Content/EngineSky/T_Sky_Clouds_M.uasset" 300
"../../../Engine/Content/EngineSky/T_Sky_Stars.uasset" 301
"../../../Engine/Content/EngineSky/M_Sky_Panning_Clouds2.uasset" 302
"../../../Engine/Content/EngineSky/SM_SkySphere.uasset" 303
"../../../Engine/Content/EngineSky/BP_Sky_Sphere.uasset" 304
"../../../huvitav/Content/StarterContent/Textures/T_Lamp_M.uasset" 305
"../../../huvitav/Content/StarterContent/Textures/T_Lamp_N.uasset" 306
"../../../huvitav/Content/StarterContent/Props/Materials/M_Lamp.uasset" 307
"../../../huvitav/Content/StarterContent/Props/SM_Lamp_Ceiling.uasset" 308
"../../../huvitav/Content/StarterContent/Blueprints/Blueprint_CeilingLight.uasset" 309
"../../../huvitav/Content/StarterContent/Props/SM_Lamp_Wall.uasset" 310
"../../../huvitav/Content/StarterContent/Blueprints/Blueprint_WallSconce.uasset" 311
"../../../Engine/Content/Functions/Engine_MaterialFunctions03/Procedurals/ComputeFilterWidth.uasset" 312
"../../../Engine/Content/EngineMaterials/AntiAliasedTextMaterialTranslucent.uasset" 313
"../../../huvitav/Content/StarterContent/Textures/T_Brick_Clay_Beveled_D.uasset" 314
"../../../huvitav/Content/StarterContent/Textures/T_Brick_Clay_Beveled_M.uasset" 315
"../../../huvitav/Content/StarterContent/Textures/T_Brick_Clay_Beveled_N.uasset" 316
"../../../huvitav/Content/StarterContent/Textures/T_MacroVariation.uasset" 317
"../../../huvitav/Content/StarterContent/Materials/M_Brick_Clay_Beveled.uasset" 318
"../../../huvitav/Content/StarterContent/Textures/T_Brick_Clay_New_D.uasset" 319
"../../../huvitav/Content/StarterContent/Textures/T_Brick_Clay_New_M.uasset" 320
"../../../huvitav/Content/StarterContent/Textures/T_Brick_Clay_New_N.uasset" 321
"../../../huvitav/Content/StarterContent/Materials/M_Brick_Clay_New.uasset" 322
"../../../huvitav/Content/StarterContent/Textures/T_Brick_Clay_Old_D.uasset" 323
"../../../huvitav/Content/StarterContent/Textures/T_Brick_Clay_Old_N.uasset" 324
"../../../huvitav/Content/StarterContent/Textures/T_Perlin_Noise_M.uasset" 325
"../../../huvitav/Content/StarterContent/Materials/M_Brick_Clay_Old.uasset" 326
"../../../huvitav/Content/StarterContent/Textures/T_Brick_Cut_Stone_D.uasset" 327
"../../../huvitav/Content/StarterContent/Textures/T_Brick_Cut_Stone_N.uasset" 328
"../../../huvitav/Content/StarterContent/Materials/M_Brick_Cut_Stone.uasset" 329
"../../../huvitav/Content/StarterContent/Textures/T_Brick_Hewn_Stone_D.uasset" 330
"../../../huvitav/Content/StarterContent/Textures/T_Brick_Hewn_Stone_M.uasset" 331
"../../../huvitav/Content/StarterContent/Textures/T_Brick_Hewn_Stone_N.uasset" 332
"../../../huvitav/Content/StarterContent/Materials/M_Brick_Hewn_Stone.uasset" 333
"../../../huvitav/Content/StarterContent/Textures/T_Ceramic_Tile_M.uasset" 334
"../../../huvitav/Content/StarterContent/Textures/T_Ceramic_Tile_N.uasset" 335
"../../../huvitav/Content/StarterContent/Textures/T_Rock_Marble_Polished_D.uasset" 336
"../../../huvitav/Content/StarterContent/Materials/M_Ceramic_Tile_Checker.uasset" 337
"../../../huvitav/Content/StarterContent/Textures/T_CobbleStone_Pebble_D.uasset" 338
"../../../huvitav/Content/StarterContent/Textures/T_CobbleStone_Pebble_M.uasset" 339
"../../../huvitav/Content/StarterContent/Textures/T_CobbleStone_Pebble_N.uasset" 340
"../../../huvitav/Content/StarterContent/Materials/M_CobbleStone_Pebble.uasset" 341
"../../../huvitav/Content/StarterContent/Textures/T_CobbleStone_Rough_D.uasset" 342
"../../../huvitav/Content/StarterContent/Textures/T_CobbleStone_Rough_N.uasset" 343
"../../../huvitav/Content/StarterContent/Textures/T_Gradinet_01.uasset" 344
"../../../huvitav/Content/StarterContent/Textures/T_Rock_Smooth_Granite_D.uasset" 345
"../../../huvitav/Content/StarterContent/Materials/M_CobbleStone_Rough.uasset" 346
"../../../huvitav/Content/StarterContent/Textures/T_CobbleStone_Smooth_D.uasset" 347
"../../../huvitav/Content/StarterContent/Textures/T_CobbleStone_Smooth_M.uasset" 348
"../../../huvitav/Content/StarterContent/Textures/T_CobbleStone_Smooth_N.uasset" 349
"../../../huvitav/Content/StarterContent/Materials/M_CobbleStone_Smooth.uasset" 350
"../../../huvitav/Content/StarterContent/Textures/T_Concrete_Grime_D.uasset" 351
"../../../huvitav/Content/StarterContent/Textures/T_Metal_Rust_N.uasset" 352
"../../../huvitav/Content/StarterContent/Materials/M_Concrete_Grime.uasset" 353
"../../../huvitav/Content/StarterContent/Textures/T_Concrete_Panels_D.uasset" 354
"../../../huvitav/Content/StarterContent/Textures/T_Concrete_Panels_N.uasset" 355
"../../../huvitav/Content/StarterContent/Materials/M_Concrete_Panels.uasset" 356
"../../../huvitav/Content/StarterContent/Textures/T_Concrete_Poured_D.uasset" 357
"../../../huvitav/Content/StarterContent/Textures/T_Concrete_Poured_N.uasset" 358
"../../../huvitav/Content/StarterContent/Materials/M_Concrete_Poured.uasset" 359
"../../../huvitav/Content/StarterContent/Textures/T_Concrete_Tiles_D.uasset" 360
"../../../huvitav/Content/StarterContent/Textures/T_Concrete_Tiles_M.uasset" 361
"../../../huvitav/Content/StarterContent/Textures/T_Concrete_Tiles_N.uasset" 362
"../../../huvitav/Content/StarterContent/Textures/T_Concrete_Tiles_Variation_M.uasset" 363
"../../../huvitav/Content/StarterContent/Materials/M_Concrete_Tiles.uasset" 364
"../../../huvitav/Content/StarterContent/Textures/T_Ground_Grass_D.uasset" 365
"../../../huvitav/Content/StarterContent/Textures/T_Ground_Grass_N.uasset" 366
"../../../huvitav/Content/StarterContent/Materials/M_Ground_Grass.uasset" 367
"../../../huvitav/Content/StarterContent/Textures/T_Ground_Gravel_D.uasset" 368
"../../../huvitav/Content/StarterContent/Textures/T_Ground_Gravel_N.uasset" 369
"../../../huvitav/Content/StarterContent/Materials/M_Ground_Gravel.uasset" 370
"../../../huvitav/Content/StarterContent/Textures/T_ground_Moss_D.uasset" 371
"../../../huvitav/Content/StarterContent/Textures/T_Ground_Moss_N.uasset" 372
"../../../huvitav/Content/StarterContent/Materials/M_Ground_Moss.uasset" 373
"../../../huvitav/Content/StarterContent/Materials/M_Metal_Brushed_Nickel.uasset" 374
"../../../huvitav/Content/StarterContent/Textures/T_Metal_Aluminum_D.uasset" 375
"../../../huvitav/Content/StarterContent/Textures/T_Metal_Gold_N.uasset" 376
"../../../huvitav/Content/StarterContent/Materials/M_Metal_Burnished_Steel.uasset" 377
"../../../huvitav/Content/StarterContent/Materials/M_Metal_Chrome.uasset" 378
"../../../huvitav/Content/StarterContent/Textures/T_Metal_Copper_D.uasset" 379
"../../../huvitav/Content/StarterContent/Materials/M_Metal_Copper.uasset" 380
"../../../huvitav/Content/StarterContent/Textures/T_Metal_Gold_D.uasset" 381
"../../../huvitav/Content/StarterContent/Materials/M_Metal_Gold.uasset" 382
"../../../huvitav/Content/StarterContent/Textures/T_Metal_Rust_D.uasset" 383
"../../../huvitav/Content/StarterContent/Materials/M_Metal_Rust.uasset" 384
"../../../huvitav/Content/StarterContent/Textures/T_Metal_Steel_D.uasset" 385
"../../../huvitav/Content/StarterContent/Textures/T_Metal_Steel_N.uasset" 386
"../../../huvitav/Content/StarterContent/Materials/M_Metal_Steel.uasset" 387
"../../../huvitav/Content/StarterContent/Textures/T_Rock_Basalt_N.uasset" 388
"../../../huvitav/Content/StarterContent/Materials/M_Rock_Basalt.uasset" 389
"../../../huvitav/Content/StarterContent/Materials/M_Rock_Marble_Polished.uasset" 390
"../../../huvitav/Content/StarterContent/Textures/T_Rock_Sandstone_D.uasset" 391
"../../../huvitav/Content/StarterContent/Textures/T_Rock_Sandstone_N.uasset" 392
"../../../huvitav/Content/StarterContent/Materials/M_Rock_Sandstone.uasset" 393
"../../../huvitav/Content/StarterContent/Textures/T_Rock_Slate_D.uasset" 394
"../../../huvitav/Content/StarterContent/Textures/T_Rock_Slate_N.uasset" 395
"../../../huvitav/Content/StarterContent/Materials/M_Rock_Slate.uasset" 396
"../../../huvitav/Content/StarterContent/Textures/T_Checker_Noise_M.uasset" 397
"../../../huvitav/Content/StarterContent/Textures/T_Single_Tile_N.uasset" 398
"../../../huvitav/Content/StarterContent/Textures/T_Tech_Dot_M.uasset" 399
"../../../huvitav/Content/StarterContent/Textures/T_Tech_Dot_N.uasset" 400
"../../../huvitav/Content/StarterContent/Materials/M_Tech_Checker_Dot.uasset" 401
"../../../huvitav/Content/StarterContent/Textures/T_Tech_Hex_Tile_M.uasset" 402
"../../../huvitav/Content/StarterContent/Textures/T_Tech_Hex_Tile_N.uasset" 403
"../../../huvitav/Content/StarterContent/Materials/M_Tech_Hex_Tile.uasset" 404
"../../../huvitav/Content/StarterContent/Materials/M_Tech_Hex_Tile_Pulse.uasset" 405
"../../../huvitav/Content/StarterContent/Textures/T_Tech_Panel_M.uasset" 406
"../../../huvitav/Content/StarterContent/Textures/T_Tech_Panel_N.uasset" 407
"../../../huvitav/Content/StarterContent/Materials/M_Tech_Panel.uasset" 408
"../../../huvitav/Content/StarterContent/Materials/M_Water_Lake.uasset" 409
"../../../huvitav/Content/StarterContent/Textures/T_Water_M.uasset" 410
"../../../huvitav/Content/StarterContent/Materials/M_Water_Ocean.uasset" 411
"../../../huvitav/Content/StarterContent/Textures/T_Wood_Floor_Walnut_D.uasset" 412
"../../../huvitav/Content/StarterContent/Textures/T_Wood_Floor_Walnut_M.uasset" 413
"../../../huvitav/Content/StarterContent/Textures/T_Wood_Floor_Walnut_N.uasset" 414
"../../../huvitav/Content/StarterContent/Materials/M_Wood_Floor_Walnut_Polished.uasset" 415
"../../../Engine/Content/Functions/Engine_MaterialFunctions01/Opacity/AlphaOffset.uasset" 416
"../../../huvitav/Content/StarterContent/Materials/M_Wood_Floor_Walnut_Worn.uasset" 417
"../../../huvitav/Content/StarterContent/Textures/T_Wood_Oak_D.uasset" 418
"../../../huvitav/Content/StarterContent/Textures/T_Wood_Oak_N.uasset" 419
"../../../huvitav/Content/StarterContent/Materials/M_Wood_Oak.uasset" 420
"../../../huvitav/Content/StarterContent/Textures/T_Wood_Pine_D.uasset" 421
"../../../huvitav/Content/StarterContent/Textures/T_Wood_Pine_N.uasset" 422
"../../../huvitav/Content/StarterContent/Materials/M_Wood_Pine.uasset" 423
"../../../huvitav/Content/StarterContent/Textures/T_Wood_Walnut_D.uasset" 424
"../../../huvitav/Content/StarterContent/Textures/T_Wood_Walnut_N.uasset" 425
"../../../huvitav/Content/StarterContent/Materials/M_Wood_Walnut.uasset" 426
"../../../huvitav/Content/StarterContent/Architecture/Floor_400x400.uasset" 427
"../../../huvitav/Content/StarterContent/Architecture/Wall_400x200.uasset" 428
"../../../huvitav/Content/StarterContent/Architecture/Wall_Door_400x300.uasset" 429
"../../../huvitav/Content/StarterContent/Architecture/Wall_Window_400x300.uasset" 430
"../../../huvitav/Content/StarterContent/Audio/Collapse_Cue.uasset" 431
"../../../huvitav/Content/StarterContent/Audio/Starter_Background_Cue.uasset" 432
"../../../huvitav/Content/StarterContent/Audio/Starter_Music_Cue.uasset" 433
"../../../huvitav/Content/StarterContent/Textures/T_Dust_Particle_D.uasset" 434
"../../../huvitav/Content/StarterContent/Particles/Materials/M_Dust_Particle.uasset" 435
"../../../huvitav/Content/StarterContent/Particles/P_Ambient_Dust.uasset" 436
"../../../huvitav/Content/StarterContent/Props/MaterialSphere.uasset" 437
"../../../huvitav/Content/StarterContent/Props/SM_Chair.uasset" 438
"../../../huvitav/Content/StarterContent/Textures/T_Frame_M.uasset" 439
"../../../huvitav/Content/StarterContent/Textures/T_Frame_N.uasset" 440
"../../../huvitav/Content/StarterContent/Props/Materials/M_Frame.uasset" 441
"../../../huvitav/Content/StarterContent/Props/SM_CornerFrame.uasset" 442
"../../../huvitav/Content/StarterContent/Props/SM_DoorFrame.uasset" 443
"../../../huvitav/Content/StarterContent/Props/SM_GlassWindow.uasset" 444
"../../../huvitav/Content/StarterContent/Props/SM_PillarFrame.uasset" 445
"../../../huvitav/Content/StarterContent/Props/SM_PillarFrame300.uasset" 446
"../../../huvitav/Content/StarterContent/Textures/T_Statue_M.uasset" 447
"../../../huvitav/Content/StarterContent/Textures/T_Statue_N.uasset" 448
"../../../huvitav/Content/StarterContent/Props/Materials/M_Statue.uasset" 449
"../../../huvitav/Content/StarterContent/Props/Materials/M_StatueGlass.uasset" 450
"../../../huvitav/Content/StarterContent/Props/SM_Statue.uasset" 451
"../../../huvitav/Content/StarterContent/Textures/T_TableRound_M.uasset" 452
"../../../huvitav/Content/StarterContent/Textures/T_TableRound_N.uasset" 453
"../../../huvitav/Content/StarterContent/Props/Materials/M_TableRound.uasset" 454
"../../../huvitav/Content/StarterContent/Props/SM_TableRound.uasset" 455
"../../../huvitav/Content/StarterContent/Props/SM_WindowFrame.uasset" 456
"../../../huvitav/Content/StarterContent/Shapes/Shape_Cube.uasset" 457
"../../../huvitav/Content/StarterContent/Shapes/Shape_QuadPyramid.uasset" 458
"../../../huvitav/Content/StarterContent/Shapes/Shape_Sphere.uasset" 459
"../../../huvitav/Content/StarterContent/Maps/StarterMap.umap" 460
"../../../huvitav/Content/StarterContent/Maps/Minimal_Default.umap" 461
"../../../huvitav/Content/DEMOWORLD/Models/Cave_City/Cave_Kirik.uasset" 462
"../../../huvitav/Content/DEMOWORLD/Models/cave_katusega.uasset" 463
"../../../huvitav/Content/DEMOWORLD/Models/cave_katusega2_2.uasset" 464
"../../../huvitav/Content/DEMOWORLD/Models/Cave_Kivi.uasset" 465
"../../../huvitav/Content/DEMOWORLD/Models/Cave_Kivi2.uasset" 466
"../../../huvitav/Content/DEMOWORLD/Models/cave_kivi3.uasset" 467
"../../../huvitav/Content/DEMOWORLD/Models/cave_kivi4.uasset" 468
"../../../huvitav/Content/DEMOWORLD/Models/cave_porand.uasset" 469
"../../../huvitav/Content/DEMOWORLD/Models/cave_trepp.uasset" 470
"../../../huvitav/Content/DEMOWORLD/Models/cave_varisend.uasset" 471
"../../../huvitav/Content/DEMOWORLD/DemoWorld.umap" 472
